f:\ccode\chifengameserver\chifengameserver\debug\vc140.pdb
f:\ccode\chifengameserver\chifengameserver\debug\vc140.idb
f:\ccode\chifengameserver\chifengameserver\debug\header.obj
f:\ccode\chifengameserver\chifengameserver\debug\poker.obj
f:\ccode\chifengameserver\chifengameserver\debug\servermain.obj
f:\ccode\chifengameserver\debug\chifengameserver.ilk
f:\ccode\chifengameserver\debug\chifengameserver.exe
f:\ccode\chifengameserver\debug\chifengameserver.pdb
f:\ccode\chifengame\chifengameserver\debug\header.obj
f:\ccode\chifengame\chifengameserver\debug\poker.obj
f:\ccode\chifengame\chifengameserver\debug\servermain.obj
f:\ccode\chifengame\chifengameserver\debug\vc140.idb
f:\ccode\chifengame\chifengameserver\debug\vc140.pdb
f:\ccode\chifengame\debug\chifengameserver.pdb
f:\ccode\chifengame\debug\chifengameserver.exe
f:\ccode\chifengame\debug\chifengameserver.ilk
f:\ccode\chifengame\chifengameserver\debug\chifengameserver.tlog\cl.command.1.tlog
f:\ccode\chifengame\chifengameserver\debug\chifengameserver.tlog\cl.read.1.tlog
f:\ccode\chifengame\chifengameserver\debug\chifengameserver.tlog\cl.write.1.tlog
f:\ccode\chifengame\chifengameserver\debug\chifengameserver.tlog\link.command.1.tlog
f:\ccode\chifengame\chifengameserver\debug\chifengameserver.tlog\link.read.1.tlog
f:\ccode\chifengame\chifengameserver\debug\chifengameserver.tlog\link.write.1.tlog
